DEB [20190815-22:29:20.942] thr=1   paramiko.transport: starting thread (client mode): 0x998a5710
DEB [20190815-22:29:20.943] thr=1   paramiko.transport: Local version/idstring: SSH-2.0-paramiko_2.6.0
ERR [20190815-22:29:26.011] thr=1   paramiko.transport: Exception: Error reading SSH protocol banner[WinError 10054] 远程主机强迫关闭了一个现有的连接。
ERR [20190815-22:29:26.012] thr=1   paramiko.transport: Traceback (most recent call last):
ERR [20190815-22:29:26.012] thr=1   paramiko.transport:   File "C:\Users\dell\AppData\Local\Programs\Python\Python37\lib\site-packages\paramiko\transport.py", line 2211, in _check_banner
ERR [20190815-22:29:26.012] thr=1   paramiko.transport:     buf = self.packetizer.readline(timeout)
ERR [20190815-22:29:26.013] thr=1   paramiko.transport:   File "C:\Users\dell\AppData\Local\Programs\Python\Python37\lib\site-packages\paramiko\packet.py", line 380, in readline
ERR [20190815-22:29:26.013] thr=1   paramiko.transport:     buf += self._read_timeout(timeout)
ERR [20190815-22:29:26.013] thr=1   paramiko.transport:   File "C:\Users\dell\AppData\Local\Programs\Python\Python37\lib\site-packages\paramiko\packet.py", line 607, in _read_timeout
ERR [20190815-22:29:26.013] thr=1   paramiko.transport:     x = self.__socket.recv(128)
ERR [20190815-22:29:26.013] thr=1   paramiko.transport: ConnectionResetError: [WinError 10054] 远程主机强迫关闭了一个现有的连接。
ERR [20190815-22:29:26.013] thr=1   paramiko.transport: 
ERR [20190815-22:29:26.013] thr=1   paramiko.transport: During handling of the above exception, another exception occurred:
ERR [20190815-22:29:26.013] thr=1   paramiko.transport: 
ERR [20190815-22:29:26.013] thr=1   paramiko.transport: Traceback (most recent call last):
ERR [20190815-22:29:26.014] thr=1   paramiko.transport:   File "C:\Users\dell\AppData\Local\Programs\Python\Python37\lib\site-packages\paramiko\transport.py", line 2039, in run
ERR [20190815-22:29:26.014] thr=1   paramiko.transport:     self._check_banner()
ERR [20190815-22:29:26.014] thr=1   paramiko.transport:   File "C:\Users\dell\AppData\Local\Programs\Python\Python37\lib\site-packages\paramiko\transport.py", line 2216, in _check_banner
ERR [20190815-22:29:26.014] thr=1   paramiko.transport:     "Error reading SSH protocol banner" + str(e)
ERR [20190815-22:29:26.014] thr=1   paramiko.transport: paramiko.ssh_exception.SSHException: Error reading SSH protocol banner[WinError 10054] 远程主机强迫关闭了一个现有的连接。
ERR [20190815-22:29:26.014] thr=1   paramiko.transport: 
DEB [20190815-22:52:52.502] thr=1   paramiko.transport: starting thread (client mode): 0xc8c7f470
DEB [20190815-22:52:52.502] thr=1   paramiko.transport: Local version/idstring: SSH-2.0-paramiko_2.6.0
ERR [20190815-22:52:57.530] thr=1   paramiko.transport: Exception: Error reading SSH protocol banner[WinError 10054] 远程主机强迫关闭了一个现有的连接。
ERR [20190815-22:52:57.531] thr=1   paramiko.transport: Traceback (most recent call last):
ERR [20190815-22:52:57.531] thr=1   paramiko.transport:   File "C:\Users\dell\AppData\Local\Programs\Python\Python37\lib\site-packages\paramiko\transport.py", line 2211, in _check_banner
ERR [20190815-22:52:57.531] thr=1   paramiko.transport:     buf = self.packetizer.readline(timeout)
ERR [20190815-22:52:57.531] thr=1   paramiko.transport:   File "C:\Users\dell\AppData\Local\Programs\Python\Python37\lib\site-packages\paramiko\packet.py", line 380, in readline
ERR [20190815-22:52:57.531] thr=1   paramiko.transport:     buf += self._read_timeout(timeout)
ERR [20190815-22:52:57.531] thr=1   paramiko.transport:   File "C:\Users\dell\AppData\Local\Programs\Python\Python37\lib\site-packages\paramiko\packet.py", line 607, in _read_timeout
ERR [20190815-22:52:57.531] thr=1   paramiko.transport:     x = self.__socket.recv(128)
ERR [20190815-22:52:57.532] thr=1   paramiko.transport: ConnectionResetError: [WinError 10054] 远程主机强迫关闭了一个现有的连接。
ERR [20190815-22:52:57.532] thr=1   paramiko.transport: 
ERR [20190815-22:52:57.532] thr=1   paramiko.transport: During handling of the above exception, another exception occurred:
ERR [20190815-22:52:57.532] thr=1   paramiko.transport: 
ERR [20190815-22:52:57.532] thr=1   paramiko.transport: Traceback (most recent call last):
ERR [20190815-22:52:57.532] thr=1   paramiko.transport:   File "C:\Users\dell\AppData\Local\Programs\Python\Python37\lib\site-packages\paramiko\transport.py", line 2039, in run
ERR [20190815-22:52:57.532] thr=1   paramiko.transport:     self._check_banner()
ERR [20190815-22:52:57.532] thr=1   paramiko.transport:   File "C:\Users\dell\AppData\Local\Programs\Python\Python37\lib\site-packages\paramiko\transport.py", line 2216, in _check_banner
ERR [20190815-22:52:57.532] thr=1   paramiko.transport:     "Error reading SSH protocol banner" + str(e)
ERR [20190815-22:52:57.532] thr=1   paramiko.transport: paramiko.ssh_exception.SSHException: Error reading SSH protocol banner[WinError 10054] 远程主机强迫关闭了一个现有的连接。
ERR [20190815-22:52:57.532] thr=1   paramiko.transport: 
DEB [20190819-16:37:05.104] thr=1   paramiko.transport: starting thread (client mode): 0x276e4438
DEB [20190819-16:37:05.105] thr=1   paramiko.transport: Local version/idstring: SSH-2.0-paramiko_2.6.0
ERR [20190819-16:37:10.349] thr=1   paramiko.transport: Exception: Error reading SSH protocol banner[WinError 10054] 远程主机强迫关闭了一个现有的连接。
ERR [20190819-16:37:10.355] thr=1   paramiko.transport: Traceback (most recent call last):
ERR [20190819-16:37:10.356] thr=1   paramiko.transport:   File "C:\Users\dell\AppData\Local\Programs\Python\Python37\lib\site-packages\paramiko\transport.py", line 2211, in _check_banner
ERR [20190819-16:37:10.356] thr=1   paramiko.transport:     buf = self.packetizer.readline(timeout)
ERR [20190819-16:37:10.356] thr=1   paramiko.transport:   File "C:\Users\dell\AppData\Local\Programs\Python\Python37\lib\site-packages\paramiko\packet.py", line 380, in readline
ERR [20190819-16:37:10.356] thr=1   paramiko.transport:     buf += self._read_timeout(timeout)
ERR [20190819-16:37:10.356] thr=1   paramiko.transport:   File "C:\Users\dell\AppData\Local\Programs\Python\Python37\lib\site-packages\paramiko\packet.py", line 607, in _read_timeout
ERR [20190819-16:37:10.356] thr=1   paramiko.transport:     x = self.__socket.recv(128)
ERR [20190819-16:37:10.356] thr=1   paramiko.transport: ConnectionResetError: [WinError 10054] 远程主机强迫关闭了一个现有的连接。
ERR [20190819-16:37:10.356] thr=1   paramiko.transport: 
ERR [20190819-16:37:10.356] thr=1   paramiko.transport: During handling of the above exception, another exception occurred:
ERR [20190819-16:37:10.356] thr=1   paramiko.transport: 
ERR [20190819-16:37:10.356] thr=1   paramiko.transport: Traceback (most recent call last):
ERR [20190819-16:37:10.356] thr=1   paramiko.transport:   File "C:\Users\dell\AppData\Local\Programs\Python\Python37\lib\site-packages\paramiko\transport.py", line 2039, in run
ERR [20190819-16:37:10.356] thr=1   paramiko.transport:     self._check_banner()
ERR [20190819-16:37:10.356] thr=1   paramiko.transport:   File "C:\Users\dell\AppData\Local\Programs\Python\Python37\lib\site-packages\paramiko\transport.py", line 2216, in _check_banner
ERR [20190819-16:37:10.356] thr=1   paramiko.transport:     "Error reading SSH protocol banner" + str(e)
ERR [20190819-16:37:10.356] thr=1   paramiko.transport: paramiko.ssh_exception.SSHException: Error reading SSH protocol banner[WinError 10054] 远程主机强迫关闭了一个现有的连接。
ERR [20190819-16:37:10.356] thr=1   paramiko.transport: 
DEB [20190820-14:40:53.797] thr=1   paramiko.transport: starting thread (client mode): 0xf18052b0
DEB [20190820-14:40:53.798] thr=1   paramiko.transport: Local version/idstring: SSH-2.0-paramiko_2.6.0
ERR [20190820-14:40:58.905] thr=1   paramiko.transport: Exception: Error reading SSH protocol banner[WinError 10054] 远程主机强迫关闭了一个现有的连接。
ERR [20190820-14:40:58.912] thr=1   paramiko.transport: Traceback (most recent call last):
ERR [20190820-14:40:58.912] thr=1   paramiko.transport:   File "C:\Users\dell\AppData\Local\Programs\Python\Python37\lib\site-packages\paramiko\transport.py", line 2211, in _check_banner
ERR [20190820-14:40:58.912] thr=1   paramiko.transport:     buf = self.packetizer.readline(timeout)
ERR [20190820-14:40:58.912] thr=1   paramiko.transport:   File "C:\Users\dell\AppData\Local\Programs\Python\Python37\lib\site-packages\paramiko\packet.py", line 380, in readline
ERR [20190820-14:40:58.912] thr=1   paramiko.transport:     buf += self._read_timeout(timeout)
ERR [20190820-14:40:58.912] thr=1   paramiko.transport:   File "C:\Users\dell\AppData\Local\Programs\Python\Python37\lib\site-packages\paramiko\packet.py", line 607, in _read_timeout
ERR [20190820-14:40:58.912] thr=1   paramiko.transport:     x = self.__socket.recv(128)
ERR [20190820-14:40:58.913] thr=1   paramiko.transport: ConnectionResetError: [WinError 10054] 远程主机强迫关闭了一个现有的连接。
ERR [20190820-14:40:58.913] thr=1   paramiko.transport: 
ERR [20190820-14:40:58.913] thr=1   paramiko.transport: During handling of the above exception, another exception occurred:
ERR [20190820-14:40:58.913] thr=1   paramiko.transport: 
ERR [20190820-14:40:58.913] thr=1   paramiko.transport: Traceback (most recent call last):
ERR [20190820-14:40:58.913] thr=1   paramiko.transport:   File "C:\Users\dell\AppData\Local\Programs\Python\Python37\lib\site-packages\paramiko\transport.py", line 2039, in run
ERR [20190820-14:40:58.913] thr=1   paramiko.transport:     self._check_banner()
ERR [20190820-14:40:58.913] thr=1   paramiko.transport:   File "C:\Users\dell\AppData\Local\Programs\Python\Python37\lib\site-packages\paramiko\transport.py", line 2216, in _check_banner
ERR [20190820-14:40:58.913] thr=1   paramiko.transport:     "Error reading SSH protocol banner" + str(e)
ERR [20190820-14:40:58.913] thr=1   paramiko.transport: paramiko.ssh_exception.SSHException: Error reading SSH protocol banner[WinError 10054] 远程主机强迫关闭了一个现有的连接。
ERR [20190820-14:40:58.913] thr=1   paramiko.transport: 
