DEB [20190815-19:55:41.384] thr=1   paramiko.transport: starting thread (client mode): 0xf49f2e10
DEB [20190815-19:55:41.387] thr=1   paramiko.transport: Local version/idstring: SSH-2.0-paramiko_2.6.0
ERR [20190815-19:55:46.668] thr=1   paramiko.transport: Exception: Error reading SSH protocol banner[WinError 10054] 远程主机强迫关闭了一个现有的连接。
ERR [20190815-19:55:46.675] thr=1   paramiko.transport: Traceback (most recent call last):
ERR [20190815-19:55:46.675] thr=1   paramiko.transport:   File "C:\Users\dell\AppData\Local\Programs\Python\Python37\lib\site-packages\paramiko\transport.py", line 2211, in _check_banner
ERR [20190815-19:55:46.675] thr=1   paramiko.transport:     buf = self.packetizer.readline(timeout)
ERR [20190815-19:55:46.675] thr=1   paramiko.transport:   File "C:\Users\dell\AppData\Local\Programs\Python\Python37\lib\site-packages\paramiko\packet.py", line 380, in readline
ERR [20190815-19:55:46.675] thr=1   paramiko.transport:     buf += self._read_timeout(timeout)
ERR [20190815-19:55:46.675] thr=1   paramiko.transport:   File "C:\Users\dell\AppData\Local\Programs\Python\Python37\lib\site-packages\paramiko\packet.py", line 607, in _read_timeout
ERR [20190815-19:55:46.675] thr=1   paramiko.transport:     x = self.__socket.recv(128)
ERR [20190815-19:55:46.675] thr=1   paramiko.transport: ConnectionResetError: [WinError 10054] 远程主机强迫关闭了一个现有的连接。
ERR [20190815-19:55:46.676] thr=1   paramiko.transport: 
ERR [20190815-19:55:46.676] thr=1   paramiko.transport: During handling of the above exception, another exception occurred:
ERR [20190815-19:55:46.676] thr=1   paramiko.transport: 
ERR [20190815-19:55:46.676] thr=1   paramiko.transport: Traceback (most recent call last):
ERR [20190815-19:55:46.676] thr=1   paramiko.transport:   File "C:\Users\dell\AppData\Local\Programs\Python\Python37\lib\site-packages\paramiko\transport.py", line 2039, in run
ERR [20190815-19:55:46.676] thr=1   paramiko.transport:     self._check_banner()
ERR [20190815-19:55:46.676] thr=1   paramiko.transport:   File "C:\Users\dell\AppData\Local\Programs\Python\Python37\lib\site-packages\paramiko\transport.py", line 2216, in _check_banner
ERR [20190815-19:55:46.676] thr=1   paramiko.transport:     "Error reading SSH protocol banner" + str(e)
ERR [20190815-19:55:46.676] thr=1   paramiko.transport: paramiko.ssh_exception.SSHException: Error reading SSH protocol banner[WinError 10054] 远程主机强迫关闭了一个现有的连接。
ERR [20190815-19:55:46.676] thr=1   paramiko.transport: 
DEB [20190815-19:57:39.069] thr=1   paramiko.transport: starting thread (client mode): 0x76841cf8
DEB [20190815-19:57:39.069] thr=1   paramiko.transport: Local version/idstring: SSH-2.0-paramiko_2.6.0
ERR [20190815-19:57:44.100] thr=1   paramiko.transport: Exception: Error reading SSH protocol banner[WinError 10054] 远程主机强迫关闭了一个现有的连接。
ERR [20190815-19:57:44.101] thr=1   paramiko.transport: Traceback (most recent call last):
ERR [20190815-19:57:44.101] thr=1   paramiko.transport:   File "C:\Users\dell\AppData\Local\Programs\Python\Python37\lib\site-packages\paramiko\transport.py", line 2211, in _check_banner
ERR [20190815-19:57:44.101] thr=1   paramiko.transport:     buf = self.packetizer.readline(timeout)
ERR [20190815-19:57:44.101] thr=1   paramiko.transport:   File "C:\Users\dell\AppData\Local\Programs\Python\Python37\lib\site-packages\paramiko\packet.py", line 380, in readline
ERR [20190815-19:57:44.101] thr=1   paramiko.transport:     buf += self._read_timeout(timeout)
ERR [20190815-19:57:44.101] thr=1   paramiko.transport:   File "C:\Users\dell\AppData\Local\Programs\Python\Python37\lib\site-packages\paramiko\packet.py", line 607, in _read_timeout
ERR [20190815-19:57:44.102] thr=1   paramiko.transport:     x = self.__socket.recv(128)
ERR [20190815-19:57:44.102] thr=1   paramiko.transport: ConnectionResetError: [WinError 10054] 远程主机强迫关闭了一个现有的连接。
ERR [20190815-19:57:44.102] thr=1   paramiko.transport: 
ERR [20190815-19:57:44.102] thr=1   paramiko.transport: During handling of the above exception, another exception occurred:
ERR [20190815-19:57:44.102] thr=1   paramiko.transport: 
ERR [20190815-19:57:44.102] thr=1   paramiko.transport: Traceback (most recent call last):
ERR [20190815-19:57:44.102] thr=1   paramiko.transport:   File "C:\Users\dell\AppData\Local\Programs\Python\Python37\lib\site-packages\paramiko\transport.py", line 2039, in run
ERR [20190815-19:57:44.102] thr=1   paramiko.transport:     self._check_banner()
ERR [20190815-19:57:44.102] thr=1   paramiko.transport:   File "C:\Users\dell\AppData\Local\Programs\Python\Python37\lib\site-packages\paramiko\transport.py", line 2216, in _check_banner
ERR [20190815-19:57:44.102] thr=1   paramiko.transport:     "Error reading SSH protocol banner" + str(e)
ERR [20190815-19:57:44.102] thr=1   paramiko.transport: paramiko.ssh_exception.SSHException: Error reading SSH protocol banner[WinError 10054] 远程主机强迫关闭了一个现有的连接。
ERR [20190815-19:57:44.102] thr=1   paramiko.transport: 
DEB [20190815-19:59:22.256] thr=1   paramiko.transport: starting thread (client mode): 0x8c111da0
DEB [20190815-19:59:22.256] thr=1   paramiko.transport: Local version/idstring: SSH-2.0-paramiko_2.6.0
ERR [20190815-19:59:27.290] thr=1   paramiko.transport: Exception: Error reading SSH protocol banner[WinError 10054] 远程主机强迫关闭了一个现有的连接。
ERR [20190815-19:59:27.293] thr=1   paramiko.transport: Traceback (most recent call last):
ERR [20190815-19:59:27.293] thr=1   paramiko.transport:   File "C:\Users\dell\AppData\Local\Programs\Python\Python37\lib\site-packages\paramiko\transport.py", line 2211, in _check_banner
ERR [20190815-19:59:27.293] thr=1   paramiko.transport:     buf = self.packetizer.readline(timeout)
ERR [20190815-19:59:27.293] thr=1   paramiko.transport:   File "C:\Users\dell\AppData\Local\Programs\Python\Python37\lib\site-packages\paramiko\packet.py", line 380, in readline
ERR [20190815-19:59:27.293] thr=1   paramiko.transport:     buf += self._read_timeout(timeout)
ERR [20190815-19:59:27.294] thr=1   paramiko.transport:   File "C:\Users\dell\AppData\Local\Programs\Python\Python37\lib\site-packages\paramiko\packet.py", line 607, in _read_timeout
ERR [20190815-19:59:27.294] thr=1   paramiko.transport:     x = self.__socket.recv(128)
ERR [20190815-19:59:27.294] thr=1   paramiko.transport: ConnectionResetError: [WinError 10054] 远程主机强迫关闭了一个现有的连接。
ERR [20190815-19:59:27.294] thr=1   paramiko.transport: 
ERR [20190815-19:59:27.294] thr=1   paramiko.transport: During handling of the above exception, another exception occurred:
ERR [20190815-19:59:27.294] thr=1   paramiko.transport: 
ERR [20190815-19:59:27.294] thr=1   paramiko.transport: Traceback (most recent call last):
ERR [20190815-19:59:27.294] thr=1   paramiko.transport:   File "C:\Users\dell\AppData\Local\Programs\Python\Python37\lib\site-packages\paramiko\transport.py", line 2039, in run
ERR [20190815-19:59:27.294] thr=1   paramiko.transport:     self._check_banner()
ERR [20190815-19:59:27.294] thr=1   paramiko.transport:   File "C:\Users\dell\AppData\Local\Programs\Python\Python37\lib\site-packages\paramiko\transport.py", line 2216, in _check_banner
ERR [20190815-19:59:27.295] thr=1   paramiko.transport:     "Error reading SSH protocol banner" + str(e)
ERR [20190815-19:59:27.295] thr=1   paramiko.transport: paramiko.ssh_exception.SSHException: Error reading SSH protocol banner[WinError 10054] 远程主机强迫关闭了一个现有的连接。
ERR [20190815-19:59:27.295] thr=1   paramiko.transport: 
DEB [20190815-20:04:14.870] thr=1   paramiko.transport: starting thread (client mode): 0xf3ed1d68
DEB [20190815-20:04:14.870] thr=1   paramiko.transport: Local version/idstring: SSH-2.0-paramiko_2.6.0
ERR [20190815-20:04:19.936] thr=1   paramiko.transport: Exception: Error reading SSH protocol banner[WinError 10054] 远程主机强迫关闭了一个现有的连接。
ERR [20190815-20:04:19.937] thr=1   paramiko.transport: Traceback (most recent call last):
ERR [20190815-20:04:19.938] thr=1   paramiko.transport:   File "C:\Users\dell\AppData\Local\Programs\Python\Python37\lib\site-packages\paramiko\transport.py", line 2211, in _check_banner
ERR [20190815-20:04:19.938] thr=1   paramiko.transport:     buf = self.packetizer.readline(timeout)
ERR [20190815-20:04:19.938] thr=1   paramiko.transport:   File "C:\Users\dell\AppData\Local\Programs\Python\Python37\lib\site-packages\paramiko\packet.py", line 380, in readline
ERR [20190815-20:04:19.938] thr=1   paramiko.transport:     buf += self._read_timeout(timeout)
ERR [20190815-20:04:19.938] thr=1   paramiko.transport:   File "C:\Users\dell\AppData\Local\Programs\Python\Python37\lib\site-packages\paramiko\packet.py", line 607, in _read_timeout
ERR [20190815-20:04:19.938] thr=1   paramiko.transport:     x = self.__socket.recv(128)
ERR [20190815-20:04:19.938] thr=1   paramiko.transport: ConnectionResetError: [WinError 10054] 远程主机强迫关闭了一个现有的连接。
ERR [20190815-20:04:19.938] thr=1   paramiko.transport: 
ERR [20190815-20:04:19.938] thr=1   paramiko.transport: During handling of the above exception, another exception occurred:
ERR [20190815-20:04:19.938] thr=1   paramiko.transport: 
ERR [20190815-20:04:19.938] thr=1   paramiko.transport: Traceback (most recent call last):
ERR [20190815-20:04:19.938] thr=1   paramiko.transport:   File "C:\Users\dell\AppData\Local\Programs\Python\Python37\lib\site-packages\paramiko\transport.py", line 2039, in run
ERR [20190815-20:04:19.938] thr=1   paramiko.transport:     self._check_banner()
ERR [20190815-20:04:19.938] thr=1   paramiko.transport:   File "C:\Users\dell\AppData\Local\Programs\Python\Python37\lib\site-packages\paramiko\transport.py", line 2216, in _check_banner
ERR [20190815-20:04:19.938] thr=1   paramiko.transport:     "Error reading SSH protocol banner" + str(e)
ERR [20190815-20:04:19.938] thr=1   paramiko.transport: paramiko.ssh_exception.SSHException: Error reading SSH protocol banner[WinError 10054] 远程主机强迫关闭了一个现有的连接。
ERR [20190815-20:04:19.938] thr=1   paramiko.transport: 
DEB [20190815-21:31:05.726] thr=1   paramiko.transport: starting thread (client mode): 0x97a31dd8
DEB [20190815-21:31:05.727] thr=1   paramiko.transport: Local version/idstring: SSH-2.0-paramiko_2.6.0
ERR [20190815-21:31:10.811] thr=1   paramiko.transport: Exception: Error reading SSH protocol banner[WinError 10054] 远程主机强迫关闭了一个现有的连接。
ERR [20190815-21:31:10.817] thr=1   paramiko.transport: Traceback (most recent call last):
ERR [20190815-21:31:10.818] thr=1   paramiko.transport:   File "C:\Users\dell\AppData\Local\Programs\Python\Python37\lib\site-packages\paramiko\transport.py", line 2211, in _check_banner
ERR [20190815-21:31:10.818] thr=1   paramiko.transport:     buf = self.packetizer.readline(timeout)
ERR [20190815-21:31:10.818] thr=1   paramiko.transport:   File "C:\Users\dell\AppData\Local\Programs\Python\Python37\lib\site-packages\paramiko\packet.py", line 380, in readline
ERR [20190815-21:31:10.818] thr=1   paramiko.transport:     buf += self._read_timeout(timeout)
ERR [20190815-21:31:10.818] thr=1   paramiko.transport:   File "C:\Users\dell\AppData\Local\Programs\Python\Python37\lib\site-packages\paramiko\packet.py", line 607, in _read_timeout
ERR [20190815-21:31:10.818] thr=1   paramiko.transport:     x = self.__socket.recv(128)
ERR [20190815-21:31:10.818] thr=1   paramiko.transport: ConnectionResetError: [WinError 10054] 远程主机强迫关闭了一个现有的连接。
ERR [20190815-21:31:10.818] thr=1   paramiko.transport: 
ERR [20190815-21:31:10.818] thr=1   paramiko.transport: During handling of the above exception, another exception occurred:
ERR [20190815-21:31:10.818] thr=1   paramiko.transport: 
ERR [20190815-21:31:10.818] thr=1   paramiko.transport: Traceback (most recent call last):
ERR [20190815-21:31:10.818] thr=1   paramiko.transport:   File "C:\Users\dell\AppData\Local\Programs\Python\Python37\lib\site-packages\paramiko\transport.py", line 2039, in run
ERR [20190815-21:31:10.818] thr=1   paramiko.transport:     self._check_banner()
ERR [20190815-21:31:10.818] thr=1   paramiko.transport:   File "C:\Users\dell\AppData\Local\Programs\Python\Python37\lib\site-packages\paramiko\transport.py", line 2216, in _check_banner
ERR [20190815-21:31:10.818] thr=1   paramiko.transport:     "Error reading SSH protocol banner" + str(e)
ERR [20190815-21:31:10.818] thr=1   paramiko.transport: paramiko.ssh_exception.SSHException: Error reading SSH protocol banner[WinError 10054] 远程主机强迫关闭了一个现有的连接。
ERR [20190815-21:31:10.818] thr=1   paramiko.transport: 
DEB [20190815-21:33:18.726] thr=1   paramiko.transport: starting thread (client mode): 0xb0f08ef0
DEB [20190815-21:33:18.726] thr=1   paramiko.transport: Local version/idstring: SSH-2.0-paramiko_2.6.0
ERR [20190815-21:33:23.763] thr=1   paramiko.transport: Exception: Error reading SSH protocol banner[WinError 10054] 远程主机强迫关闭了一个现有的连接。
ERR [20190815-21:33:23.764] thr=1   paramiko.transport: Traceback (most recent call last):
ERR [20190815-21:33:23.764] thr=1   paramiko.transport:   File "C:\Users\dell\AppData\Local\Programs\Python\Python37\lib\site-packages\paramiko\transport.py", line 2211, in _check_banner
ERR [20190815-21:33:23.764] thr=1   paramiko.transport:     buf = self.packetizer.readline(timeout)
ERR [20190815-21:33:23.764] thr=1   paramiko.transport:   File "C:\Users\dell\AppData\Local\Programs\Python\Python37\lib\site-packages\paramiko\packet.py", line 380, in readline
ERR [20190815-21:33:23.765] thr=1   paramiko.transport:     buf += self._read_timeout(timeout)
ERR [20190815-21:33:23.765] thr=1   paramiko.transport:   File "C:\Users\dell\AppData\Local\Programs\Python\Python37\lib\site-packages\paramiko\packet.py", line 607, in _read_timeout
ERR [20190815-21:33:23.765] thr=1   paramiko.transport:     x = self.__socket.recv(128)
ERR [20190815-21:33:23.765] thr=1   paramiko.transport: ConnectionResetError: [WinError 10054] 远程主机强迫关闭了一个现有的连接。
ERR [20190815-21:33:23.765] thr=1   paramiko.transport: 
ERR [20190815-21:33:23.765] thr=1   paramiko.transport: During handling of the above exception, another exception occurred:
ERR [20190815-21:33:23.765] thr=1   paramiko.transport: 
ERR [20190815-21:33:23.765] thr=1   paramiko.transport: Traceback (most recent call last):
ERR [20190815-21:33:23.765] thr=1   paramiko.transport:   File "C:\Users\dell\AppData\Local\Programs\Python\Python37\lib\site-packages\paramiko\transport.py", line 2039, in run
ERR [20190815-21:33:23.765] thr=1   paramiko.transport:     self._check_banner()
ERR [20190815-21:33:23.765] thr=1   paramiko.transport:   File "C:\Users\dell\AppData\Local\Programs\Python\Python37\lib\site-packages\paramiko\transport.py", line 2216, in _check_banner
ERR [20190815-21:33:23.765] thr=1   paramiko.transport:     "Error reading SSH protocol banner" + str(e)
ERR [20190815-21:33:23.765] thr=1   paramiko.transport: paramiko.ssh_exception.SSHException: Error reading SSH protocol banner[WinError 10054] 远程主机强迫关闭了一个现有的连接。
ERR [20190815-21:33:23.765] thr=1   paramiko.transport: 
DEB [20190815-21:33:30.281] thr=1   paramiko.transport: starting thread (client mode): 0xb6f06320
DEB [20190815-21:33:30.281] thr=1   paramiko.transport: Local version/idstring: SSH-2.0-paramiko_2.6.0
ERR [20190815-21:33:35.341] thr=1   paramiko.transport: Exception: Error reading SSH protocol banner[WinError 10054] 远程主机强迫关闭了一个现有的连接。
ERR [20190815-21:33:35.342] thr=1   paramiko.transport: Traceback (most recent call last):
ERR [20190815-21:33:35.342] thr=1   paramiko.transport:   File "C:\Users\dell\AppData\Local\Programs\Python\Python37\lib\site-packages\paramiko\transport.py", line 2211, in _check_banner
ERR [20190815-21:33:35.342] thr=1   paramiko.transport:     buf = self.packetizer.readline(timeout)
ERR [20190815-21:33:35.342] thr=1   paramiko.transport:   File "C:\Users\dell\AppData\Local\Programs\Python\Python37\lib\site-packages\paramiko\packet.py", line 380, in readline
ERR [20190815-21:33:35.342] thr=1   paramiko.transport:     buf += self._read_timeout(timeout)
ERR [20190815-21:33:35.342] thr=1   paramiko.transport:   File "C:\Users\dell\AppData\Local\Programs\Python\Python37\lib\site-packages\paramiko\packet.py", line 607, in _read_timeout
ERR [20190815-21:33:35.342] thr=1   paramiko.transport:     x = self.__socket.recv(128)
ERR [20190815-21:33:35.342] thr=1   paramiko.transport: ConnectionResetError: [WinError 10054] 远程主机强迫关闭了一个现有的连接。
ERR [20190815-21:33:35.342] thr=1   paramiko.transport: 
ERR [20190815-21:33:35.342] thr=1   paramiko.transport: During handling of the above exception, another exception occurred:
ERR [20190815-21:33:35.342] thr=1   paramiko.transport: 
ERR [20190815-21:33:35.342] thr=1   paramiko.transport: Traceback (most recent call last):
ERR [20190815-21:33:35.342] thr=1   paramiko.transport:   File "C:\Users\dell\AppData\Local\Programs\Python\Python37\lib\site-packages\paramiko\transport.py", line 2039, in run
ERR [20190815-21:33:35.343] thr=1   paramiko.transport:     self._check_banner()
ERR [20190815-21:33:35.343] thr=1   paramiko.transport:   File "C:\Users\dell\AppData\Local\Programs\Python\Python37\lib\site-packages\paramiko\transport.py", line 2216, in _check_banner
ERR [20190815-21:33:35.343] thr=1   paramiko.transport:     "Error reading SSH protocol banner" + str(e)
ERR [20190815-21:33:35.343] thr=1   paramiko.transport: paramiko.ssh_exception.SSHException: Error reading SSH protocol banner[WinError 10054] 远程主机强迫关闭了一个现有的连接。
ERR [20190815-21:33:35.343] thr=1   paramiko.transport: 
DEB [20190815-21:34:12.986] thr=1   paramiko.transport: starting thread (client mode): 0xa4781d68
DEB [20190815-21:34:12.986] thr=1   paramiko.transport: Local version/idstring: SSH-2.0-paramiko_2.6.0
ERR [20190815-21:34:18.018] thr=1   paramiko.transport: Exception: Error reading SSH protocol banner[WinError 10054] 远程主机强迫关闭了一个现有的连接。
ERR [20190815-21:34:18.019] thr=1   paramiko.transport: Traceback (most recent call last):
ERR [20190815-21:34:18.019] thr=1   paramiko.transport:   File "C:\Users\dell\AppData\Local\Programs\Python\Python37\lib\site-packages\paramiko\transport.py", line 2211, in _check_banner
ERR [20190815-21:34:18.019] thr=1   paramiko.transport:     buf = self.packetizer.readline(timeout)
ERR [20190815-21:34:18.020] thr=1   paramiko.transport:   File "C:\Users\dell\AppData\Local\Programs\Python\Python37\lib\site-packages\paramiko\packet.py", line 380, in readline
ERR [20190815-21:34:18.020] thr=1   paramiko.transport:     buf += self._read_timeout(timeout)
ERR [20190815-21:34:18.020] thr=1   paramiko.transport:   File "C:\Users\dell\AppData\Local\Programs\Python\Python37\lib\site-packages\paramiko\packet.py", line 607, in _read_timeout
ERR [20190815-21:34:18.020] thr=1   paramiko.transport:     x = self.__socket.recv(128)
ERR [20190815-21:34:18.020] thr=1   paramiko.transport: ConnectionResetError: [WinError 10054] 远程主机强迫关闭了一个现有的连接。
ERR [20190815-21:34:18.020] thr=1   paramiko.transport: 
ERR [20190815-21:34:18.020] thr=1   paramiko.transport: During handling of the above exception, another exception occurred:
ERR [20190815-21:34:18.020] thr=1   paramiko.transport: 
ERR [20190815-21:34:18.020] thr=1   paramiko.transport: Traceback (most recent call last):
ERR [20190815-21:34:18.020] thr=1   paramiko.transport:   File "C:\Users\dell\AppData\Local\Programs\Python\Python37\lib\site-packages\paramiko\transport.py", line 2039, in run
ERR [20190815-21:34:18.020] thr=1   paramiko.transport:     self._check_banner()
ERR [20190815-21:34:18.020] thr=1   paramiko.transport:   File "C:\Users\dell\AppData\Local\Programs\Python\Python37\lib\site-packages\paramiko\transport.py", line 2216, in _check_banner
ERR [20190815-21:34:18.020] thr=1   paramiko.transport:     "Error reading SSH protocol banner" + str(e)
ERR [20190815-21:34:18.020] thr=1   paramiko.transport: paramiko.ssh_exception.SSHException: Error reading SSH protocol banner[WinError 10054] 远程主机强迫关闭了一个现有的连接。
ERR [20190815-21:34:18.020] thr=1   paramiko.transport: 
DEB [20190815-21:35:34.132] thr=1   paramiko.transport: starting thread (client mode): 0x8f1c1e80
DEB [20190815-21:35:34.133] thr=1   paramiko.transport: Local version/idstring: SSH-2.0-paramiko_2.6.0
ERR [20190815-21:35:39.165] thr=1   paramiko.transport: Exception: Error reading SSH protocol banner[WinError 10054] 远程主机强迫关闭了一个现有的连接。
ERR [20190815-21:35:39.166] thr=1   paramiko.transport: Traceback (most recent call last):
ERR [20190815-21:35:39.166] thr=1   paramiko.transport:   File "C:\Users\dell\AppData\Local\Programs\Python\Python37\lib\site-packages\paramiko\transport.py", line 2211, in _check_banner
ERR [20190815-21:35:39.166] thr=1   paramiko.transport:     buf = self.packetizer.readline(timeout)
ERR [20190815-21:35:39.166] thr=1   paramiko.transport:   File "C:\Users\dell\AppData\Local\Programs\Python\Python37\lib\site-packages\paramiko\packet.py", line 380, in readline
ERR [20190815-21:35:39.167] thr=1   paramiko.transport:     buf += self._read_timeout(timeout)
ERR [20190815-21:35:39.167] thr=1   paramiko.transport:   File "C:\Users\dell\AppData\Local\Programs\Python\Python37\lib\site-packages\paramiko\packet.py", line 607, in _read_timeout
ERR [20190815-21:35:39.167] thr=1   paramiko.transport:     x = self.__socket.recv(128)
ERR [20190815-21:35:39.167] thr=1   paramiko.transport: ConnectionResetError: [WinError 10054] 远程主机强迫关闭了一个现有的连接。
ERR [20190815-21:35:39.167] thr=1   paramiko.transport: 
ERR [20190815-21:35:39.167] thr=1   paramiko.transport: During handling of the above exception, another exception occurred:
ERR [20190815-21:35:39.167] thr=1   paramiko.transport: 
ERR [20190815-21:35:39.167] thr=1   paramiko.transport: Traceback (most recent call last):
ERR [20190815-21:35:39.167] thr=1   paramiko.transport:   File "C:\Users\dell\AppData\Local\Programs\Python\Python37\lib\site-packages\paramiko\transport.py", line 2039, in run
ERR [20190815-21:35:39.167] thr=1   paramiko.transport:     self._check_banner()
ERR [20190815-21:35:39.167] thr=1   paramiko.transport:   File "C:\Users\dell\AppData\Local\Programs\Python\Python37\lib\site-packages\paramiko\transport.py", line 2216, in _check_banner
ERR [20190815-21:35:39.167] thr=1   paramiko.transport:     "Error reading SSH protocol banner" + str(e)
ERR [20190815-21:35:39.167] thr=1   paramiko.transport: paramiko.ssh_exception.SSHException: Error reading SSH protocol banner[WinError 10054] 远程主机强迫关闭了一个现有的连接。
ERR [20190815-21:35:39.167] thr=1   paramiko.transport: 
